<?xml version="1.0" encoding="UTF-8"?>
<coverage generated="1742508762139" clover="3.2.0">
  <project timestamp="1742508762139" name="All files">
    <metrics statements="120" coveredstatements="120" conditionals="36" coveredconditionals="36" methods="16" coveredmethods="16" elements="172" coveredelements="172" complexity="0" loc="120" ncloc="120" packages="1" files="4" classes="4"/>
    <file name="deleteLambda.ts" path="/Users/ianhall/Desktop/Music Library/lambda/deleteLambda.ts">
      <metrics statements="21" coveredstatements="21" conditionals="6" coveredconditionals="6" methods="3" coveredmethods="3"/>
      <line num="1" count="1" type="stmt"/>
      <line num="4" count="1" type="stmt"/>
      <line num="6" count="1" type="stmt"/>
      <line num="8" count="4" type="cond" truecount="2" falsecount="0"/>
      <line num="10" count="4" type="cond" truecount="1" falsecount="0"/>
      <line num="11" count="1" type="stmt"/>
      <line num="12" count="1" type="stmt"/>
      <line num="15" count="3" type="stmt"/>
      <line num="17" count="3" type="stmt"/>
      <line num="19" count="3" type="stmt"/>
      <line num="20" count="3" type="cond" truecount="1" falsecount="0"/>
      <line num="21" count="1" type="stmt"/>
      <line num="22" count="1" type="stmt"/>
      <line num="25" count="2" type="stmt"/>
      <line num="28" count="2" type="stmt"/>
      <line num="30" count="1" type="stmt"/>
      <line num="33" count="1" type="stmt"/>
      <line num="35" count="1" type="stmt"/>
      <line num="36" count="1" type="stmt"/>
      <line num="41" count="1" type="stmt"/>
      <line num="52" count="3" type="stmt"/>
    </file>
    <file name="editLambda.ts" path="/Users/ianhall/Desktop/Music Library/lambda/editLambda.ts">
      <metrics statements="30" coveredstatements="30" conditionals="12" coveredconditionals="12" methods="3" coveredmethods="3"/>
      <line num="1" count="1" type="stmt"/>
      <line num="3" count="1" type="stmt"/>
      <line num="5" count="1" type="stmt"/>
      <line num="7" count="6" type="cond" truecount="2" falsecount="0"/>
      <line num="8" count="6" type="stmt"/>
      <line num="10" count="6" type="cond" truecount="1" falsecount="0"/>
      <line num="11" count="1" type="stmt"/>
      <line num="12" count="1" type="stmt"/>
      <line num="15" count="5" type="stmt"/>
      <line num="17" count="5" type="stmt"/>
      <line num="18" count="5" type="cond" truecount="1" falsecount="0"/>
      <line num="19" count="1" type="stmt"/>
      <line num="22" count="4" type="stmt"/>
      <line num="23" count="4" type="cond" truecount="3" falsecount="0"/>
      <line num="24" count="1" type="stmt"/>
      <line num="28" count="3" type="stmt"/>
      <line num="30" count="3" type="stmt"/>
      <line num="31" count="3" type="stmt"/>
      <line num="33" count="2" type="cond" truecount="3" falsecount="0"/>
      <line num="34" count="1" type="stmt"/>
      <line num="35" count="1" type="stmt"/>
      <line num="39" count="1" type="stmt"/>
      <line num="41" count="1" type="stmt"/>
      <line num="49" count="1" type="stmt"/>
      <line num="56" count="1" type="stmt"/>
      <line num="58" count="1" type="stmt"/>
      <line num="60" count="1" type="stmt"/>
      <line num="61" count="1" type="stmt"/>
      <line num="66" count="1" type="stmt"/>
      <line num="77" count="5" type="stmt"/>
    </file>
    <file name="getLambda.ts" path="/Users/ianhall/Desktop/Music Library/lambda/getLambda.ts">
      <metrics statements="38" coveredstatements="38" conditionals="10" coveredconditionals="10" methods="6" coveredmethods="6"/>
      <line num="1" count="1" type="stmt"/>
      <line num="2" count="1" type="stmt"/>
      <line num="5" count="1" type="stmt"/>
      <line num="7" count="1" type="stmt"/>
      <line num="9" count="5" type="cond" truecount="2" falsecount="0"/>
      <line num="10" count="5" type="stmt"/>
      <line num="12" count="5" type="cond" truecount="1" falsecount="0"/>
      <line num="13" count="1" type="stmt"/>
      <line num="14" count="1" type="stmt"/>
      <line num="17" count="4" type="stmt"/>
      <line num="19" count="4" type="stmt"/>
      <line num="20" count="4" type="stmt"/>
      <line num="22" count="4" type="cond" truecount="2" falsecount="0"/>
      <line num="23" count="1" type="stmt"/>
      <line num="24" count="1" type="stmt"/>
      <line num="26" count="3" type="stmt"/>
      <line num="27" count="3" type="stmt"/>
      <line num="30" count="1" type="stmt"/>
      <line num="31" count="1" type="stmt"/>
      <line num="36" count="1" type="stmt"/>
      <line num="37" count="3" type="stmt"/>
      <line num="39" count="3" type="stmt"/>
      <line num="40" count="3" type="stmt"/>
      <line num="42" count="2" type="cond" truecount="3" falsecount="0"/>
      <line num="43" count="1" type="stmt"/>
      <line num="44" count="1" type="stmt"/>
      <line num="48" count="1" type="stmt"/>
      <line num="50" count="2" type="stmt"/>
      <line num="51" count="2" type="stmt"/>
      <line num="53" count="2" type="stmt"/>
      <line num="60" count="1" type="stmt"/>
      <line num="64" count="1" type="stmt"/>
      <line num="65" count="1" type="stmt"/>
      <line num="66" count="1" type="stmt"/>
      <line num="67" count="1" type="stmt"/>
      <line num="69" count="1" type="stmt"/>
      <line num="73" count="3" type="stmt"/>
      <line num="84" count="2" type="stmt"/>
    </file>
    <file name="uploadLambda.ts" path="/Users/ianhall/Desktop/Music Library/lambda/uploadLambda.ts">
      <metrics statements="31" coveredstatements="31" conditionals="8" coveredconditionals="8" methods="4" coveredmethods="4"/>
      <line num="1" count="1" type="stmt"/>
      <line num="2" count="1" type="stmt"/>
      <line num="5" count="1" type="stmt"/>
      <line num="7" count="1" type="stmt"/>
      <line num="9" count="6" type="cond" truecount="2" falsecount="0"/>
      <line num="11" count="6" type="cond" truecount="1" falsecount="0"/>
      <line num="12" count="1" type="stmt"/>
      <line num="13" count="1" type="stmt"/>
      <line num="16" count="5" type="stmt"/>
      <line num="18" count="5" type="stmt"/>
      <line num="19" count="5" type="cond" truecount="1" falsecount="0"/>
      <line num="20" count="1" type="stmt"/>
      <line num="23" count="4" type="stmt"/>
      <line num="24" count="4" type="cond" truecount="1" falsecount="0"/>
      <line num="25" count="1" type="stmt"/>
      <line num="28" count="3" type="stmt"/>
      <line num="30" count="1" type="stmt"/>
      <line num="31" count="1" type="stmt"/>
      <line num="36" count="1" type="stmt"/>
      <line num="37" count="3" type="stmt"/>
      <line num="39" count="3" type="stmt"/>
      <line num="40" count="3" type="stmt"/>
      <line num="42" count="2" type="cond" truecount="3" falsecount="0"/>
      <line num="43" count="1" type="stmt"/>
      <line num="44" count="1" type="stmt"/>
      <line num="47" count="1" type="stmt"/>
      <line num="48" count="1" type="stmt"/>
      <line num="49" count="1" type="stmt"/>
      <line num="51" count="1" type="stmt"/>
      <line num="55" count="1" type="stmt"/>
      <line num="66" count="5" type="stmt"/>
    </file>
  </project>
</coverage>
