{"/Users/ianhall/Desktop/Music Library/lambda/deleteLambda.ts": {"path":"/Users/ianhall/Desktop/Music Library/lambda/deleteLambda.ts","statementMap":{"0":{"start":{"line":1,"column":0},"end":{"line":1,"column":67}},"1":{"start":{"line":4,"column":15},"end":{"line":4,"column":52}},"2":{"start":{"line":6,"column":23},"end":{"line":79,"column":1}},"3":{"start":{"line":8,"column":21},"end":{"line":8,"column":44}},"4":{"start":{"line":9,"column":2},"end":{"line":20,"column":3}},"5":{"start":{"line":10,"column":4},"end":{"line":10,"column":76}},"6":{"start":{"line":11,"column":4},"end":{"line":19,"column":6}},"7":{"start":{"line":22,"column":2},"end":{"line":22,"column":65}},"8":{"start":{"line":23,"column":2},"end":{"line":23,"column":58}},"9":{"start":{"line":25,"column":2},"end":{"line":78,"column":3}},"10":{"start":{"line":27,"column":21},"end":{"line":27,"column":58}},"11":{"start":{"line":28,"column":4},"end":{"line":39,"column":5}},"12":{"start":{"line":29,"column":6},"end":{"line":29,"column":74}},"13":{"start":{"line":30,"column":6},"end":{"line":38,"column":8}},"14":{"start":{"line":41,"column":4},"end":{"line":41,"column":58}},"15":{"start":{"line":44,"column":4},"end":{"line":46,"column":6}},"16":{"start":{"line":48,"column":4},"end":{"line":48,"column":57}},"17":{"start":{"line":51,"column":4},"end":{"line":61,"column":6}},"18":{"start":{"line":63,"column":4},"end":{"line":63,"column":68}},"19":{"start":{"line":66,"column":4},"end":{"line":77,"column":6}},"20":{"start":{"line":6,"column":13},"end":{"line":6,"column":23}}},"fnMap":{"0":{"name":"(anonymous_0)","decl":{"start":{"line":6,"column":23},"end":{"line":6,"column":28}},"loc":{"start":{"line":6,"column":58},"end":{"line":79,"column":1}}}},"branchMap":{"0":{"loc":{"start":{"line":9,"column":2},"end":{"line":20,"column":3}},"type":"if","locations":[{"start":{"line":9,"column":2},"end":{"line":20,"column":3}}]},"1":{"loc":{"start":{"line":28,"column":4},"end":{"line":39,"column":5}},"type":"if","locations":[{"start":{"line":28,"column":4},"end":{"line":39,"column":5}}]}},"s":{"0":1,"1":1,"2":1,"3":4,"4":4,"5":1,"6":1,"7":3,"8":3,"9":3,"10":3,"11":3,"12":1,"13":1,"14":2,"15":2,"16":1,"17":1,"18":1,"19":1,"20":1},"f":{"0":4},"b":{"0":[1],"1":[1]}}
,"/Users/ianhall/Desktop/Music Library/lambda/editLambda.ts": {"path":"/Users/ianhall/Desktop/Music Library/lambda/editLambda.ts","statementMap":{"0":{"start":{"line":1,"column":0},"end":{"line":1,"column":108}},"1":{"start":{"line":3,"column":15},"end":{"line":3,"column":52}},"2":{"start":{"line":5,"column":23},"end":{"line":59,"column":1}},"3":{"start":{"line":6,"column":2},"end":{"line":8,"column":3}},"4":{"start":{"line":7,"column":4},"end":{"line":7,"column":83}},"5":{"start":{"line":10,"column":29},"end":{"line":10,"column":52}},"6":{"start":{"line":11,"column":2},"end":{"line":11,"column":63}},"7":{"start":{"line":12,"column":2},"end":{"line":12,"column":54}},"8":{"start":{"line":14,"column":2},"end":{"line":58,"column":3}},"9":{"start":{"line":15,"column":4},"end":{"line":17,"column":5}},"10":{"start":{"line":16,"column":6},"end":{"line":16,"column":93}},"11":{"start":{"line":19,"column":41},"end":{"line":19,"column":63}},"12":{"start":{"line":20,"column":4},"end":{"line":22,"column":5}},"13":{"start":{"line":21,"column":6},"end":{"line":21,"column":90}},"14":{"start":{"line":25,"column":24},"end":{"line":28,"column":6}},"15":{"start":{"line":30,"column":26},"end":{"line":30,"column":56}},"16":{"start":{"line":31,"column":4},"end":{"line":36,"column":5}},"17":{"start":{"line":32,"column":6},"end":{"line":35,"column":8}},"18":{"start":{"line":39,"column":4},"end":{"line":43,"column":8}},"19":{"start":{"line":45,"column":4},"end":{"line":48,"column":8}},"20":{"start":{"line":50,"column":4},"end":{"line":54,"column":6}},"21":{"start":{"line":56,"column":4},"end":{"line":56,"column":25}},"22":{"start":{"line":57,"column":4},"end":{"line":57,"column":89}},"23":{"start":{"line":5,"column":13},"end":{"line":5,"column":23}}},"fnMap":{"0":{"name":"(anonymous_0)","decl":{"start":{"line":5,"column":23},"end":{"line":5,"column":28}},"loc":{"start":{"line":5,"column":58},"end":{"line":59,"column":1}}}},"branchMap":{"0":{"loc":{"start":{"line":6,"column":2},"end":{"line":8,"column":3}},"type":"if","locations":[{"start":{"line":6,"column":2},"end":{"line":8,"column":3}}]},"1":{"loc":{"start":{"line":15,"column":4},"end":{"line":17,"column":5}},"type":"if","locations":[{"start":{"line":15,"column":4},"end":{"line":17,"column":5}}]},"2":{"loc":{"start":{"line":20,"column":4},"end":{"line":22,"column":5}},"type":"if","locations":[{"start":{"line":20,"column":4},"end":{"line":22,"column":5}}]},"3":{"loc":{"start":{"line":20,"column":8},"end":{"line":20,"column":36}},"type":"binary-expr","locations":[{"start":{"line":20,"column":8},"end":{"line":20,"column":20}},{"start":{"line":20,"column":24},"end":{"line":20,"column":36}}]},"4":{"loc":{"start":{"line":31,"column":4},"end":{"line":36,"column":5}},"type":"if","locations":[{"start":{"line":31,"column":4},"end":{"line":36,"column":5}}]},"5":{"loc":{"start":{"line":31,"column":8},"end":{"line":31,"column":67}},"type":"binary-expr","locations":[{"start":{"line":31,"column":8},"end":{"line":31,"column":30}},{"start":{"line":31,"column":34},"end":{"line":31,"column":67}}]}},"s":{"0":1,"1":1,"2":1,"3":6,"4":1,"5":5,"6":5,"7":5,"8":5,"9":5,"10":1,"11":4,"12":4,"13":1,"14":3,"15":3,"16":2,"17":1,"18":1,"19":1,"20":1,"21":1,"22":1,"23":1},"f":{"0":6},"b":{"0":[1],"1":[1],"2":[1],"3":[4,3],"4":[1],"5":[2,2]}}
,"/Users/ianhall/Desktop/Music Library/lambda/getLambda.ts": {"path":"/Users/ianhall/Desktop/Music Library/lambda/getLambda.ts","statementMap":{"0":{"start":{"line":1,"column":0},"end":{"line":1,"column":61}},"1":{"start":{"line":2,"column":0},"end":{"line":2,"column":86}},"2":{"start":{"line":4,"column":15},"end":{"line":4,"column":52}},"3":{"start":{"line":6,"column":23},"end":{"line":30,"column":1}},"4":{"start":{"line":7,"column":2},"end":{"line":10,"column":3}},"5":{"start":{"line":8,"column":4},"end":{"line":8,"column":48}},"6":{"start":{"line":9,"column":4},"end":{"line":9,"column":66}},"7":{"start":{"line":12,"column":29},"end":{"line":12,"column":52}},"8":{"start":{"line":13,"column":2},"end":{"line":13,"column":62}},"9":{"start":{"line":14,"column":2},"end":{"line":14,"column":58}},"10":{"start":{"line":16,"column":2},"end":{"line":29,"column":3}},"11":{"start":{"line":17,"column":21},"end":{"line":17,"column":58}},"12":{"start":{"line":19,"column":4},"end":{"line":25,"column":5}},"13":{"start":{"line":20,"column":6},"end":{"line":20,"column":66}},"14":{"start":{"line":21,"column":6},"end":{"line":21,"column":65}},"15":{"start":{"line":23,"column":6},"end":{"line":23,"column":47}},"16":{"start":{"line":24,"column":6},"end":{"line":24,"column":41}},"17":{"start":{"line":27,"column":4},"end":{"line":27,"column":59}},"18":{"start":{"line":28,"column":4},"end":{"line":28,"column":65}},"19":{"start":{"line":6,"column":13},"end":{"line":6,"column":23}},"20":{"start":{"line":35,"column":18},"end":{"line":60,"column":1}},"21":{"start":{"line":36,"column":2},"end":{"line":36,"column":58}},"22":{"start":{"line":38,"column":29},"end":{"line":38,"column":77}},"23":{"start":{"line":39,"column":15},"end":{"line":39,"column":52}},"24":{"start":{"line":41,"column":2},"end":{"line":44,"column":3}},"25":{"start":{"line":42,"column":4},"end":{"line":42,"column":49}},"26":{"start":{"line":43,"column":4},"end":{"line":43,"column":37}},"27":{"start":{"line":47,"column":29},"end":{"line":56,"column":null}},"28":{"start":{"line":49,"column":22},"end":{"line":49,"column":81}},"29":{"start":{"line":50,"column":27},"end":{"line":50,"column":86}},"30":{"start":{"line":52,"column":6},"end":{"line":55,"column":8}},"31":{"start":{"line":59,"column":2},"end":{"line":59,"column":51}},"32":{"start":{"line":65,"column":32},"end":{"line":71,"column":1}},"33":{"start":{"line":66,"column":2},"end":{"line":66,"column":68}},"34":{"start":{"line":67,"column":21},"end":{"line":67,"column":80}},"35":{"start":{"line":68,"column":23},"end":{"line":68,"column":85}},"36":{"start":{"line":70,"column":2},"end":{"line":70,"column":72}},"37":{"start":{"line":76,"column":30},"end":{"line":84,"column":2}},"38":{"start":{"line":76,"column":46},"end":{"line":84,"column":2}},"39":{"start":{"line":89,"column":28},"end":{"line":97,"column":2}},"40":{"start":{"line":89,"column":70},"end":{"line":97,"column":2}}},"fnMap":{"0":{"name":"(anonymous_0)","decl":{"start":{"line":6,"column":23},"end":{"line":6,"column":28}},"loc":{"start":{"line":6,"column":58},"end":{"line":30,"column":1}}},"1":{"name":"(anonymous_1)","decl":{"start":{"line":35,"column":18},"end":{"line":35,"column":23}},"loc":{"start":{"line":35,"column":47},"end":{"line":60,"column":1}}},"2":{"name":"(anonymous_2)","decl":{"start":{"line":48,"column":22},"end":{"line":48,"column":27}},"loc":{"start":{"line":48,"column":37},"end":{"line":56,"column":5}}},"3":{"name":"(anonymous_3)","decl":{"start":{"line":65,"column":32},"end":{"line":65,"column":37}},"loc":{"start":{"line":65,"column":79},"end":{"line":71,"column":1}}},"4":{"name":"(anonymous_4)","decl":{"start":{"line":76,"column":30},"end":{"line":76,"column":31}},"loc":{"start":{"line":76,"column":46},"end":{"line":84,"column":2}}},"5":{"name":"(anonymous_5)","decl":{"start":{"line":89,"column":28},"end":{"line":89,"column":29}},"loc":{"start":{"line":89,"column":70},"end":{"line":97,"column":2}}}},"branchMap":{"0":{"loc":{"start":{"line":7,"column":2},"end":{"line":10,"column":3}},"type":"if","locations":[{"start":{"line":7,"column":2},"end":{"line":10,"column":3}}]},"1":{"loc":{"start":{"line":19,"column":4},"end":{"line":25,"column":5}},"type":"if","locations":[{"start":{"line":19,"column":4},"end":{"line":25,"column":5}},{"start":{"line":22,"column":11},"end":{"line":25,"column":5}}]},"2":{"loc":{"start":{"line":41,"column":2},"end":{"line":44,"column":3}},"type":"if","locations":[{"start":{"line":41,"column":2},"end":{"line":44,"column":3}}]},"3":{"loc":{"start":{"line":41,"column":6},"end":{"line":41,"column":50}},"type":"binary-expr","locations":[{"start":{"line":41,"column":6},"end":{"line":41,"column":20}},{"start":{"line":41,"column":24},"end":{"line":41,"column":50}}]}},"s":{"0":1,"1":1,"2":1,"3":1,"4":5,"5":1,"6":1,"7":4,"8":4,"9":4,"10":4,"11":4,"12":4,"13":1,"14":1,"15":3,"16":3,"17":1,"18":1,"19":1,"20":1,"21":3,"22":3,"23":3,"24":2,"25":1,"26":1,"27":1,"28":2,"29":2,"30":2,"31":1,"32":1,"33":1,"34":1,"35":1,"36":1,"37":1,"38":3,"39":1,"40":2},"f":{"0":5,"1":3,"2":2,"3":1,"4":3,"5":2},"b":{"0":[1],"1":[1,3],"2":[1],"3":[2,2]}}
,"/Users/ianhall/Desktop/Music Library/lambda/uploadLambda.ts": {"path":"/Users/ianhall/Desktop/Music Library/lambda/uploadLambda.ts","statementMap":{"0":{"start":{"line":1,"column":0},"end":{"line":1,"column":61}},"1":{"start":{"line":2,"column":0},"end":{"line":2,"column":86}},"2":{"start":{"line":5,"column":15},"end":{"line":5,"column":52}},"3":{"start":{"line":7,"column":23},"end":{"line":32,"column":1}},"4":{"start":{"line":8,"column":2},"end":{"line":11,"column":3}},"5":{"start":{"line":9,"column":4},"end":{"line":9,"column":48}},"6":{"start":{"line":10,"column":4},"end":{"line":10,"column":66}},"7":{"start":{"line":13,"column":29},"end":{"line":13,"column":52}},"8":{"start":{"line":14,"column":2},"end":{"line":14,"column":65}},"9":{"start":{"line":15,"column":2},"end":{"line":15,"column":54}},"10":{"start":{"line":17,"column":2},"end":{"line":31,"column":3}},"11":{"start":{"line":18,"column":4},"end":{"line":20,"column":5}},"12":{"start":{"line":19,"column":6},"end":{"line":19,"column":63}},"13":{"start":{"line":22,"column":25},"end":{"line":22,"column":47}},"14":{"start":{"line":23,"column":4},"end":{"line":25,"column":5}},"15":{"start":{"line":24,"column":6},"end":{"line":24,"column":63}},"16":{"start":{"line":27,"column":4},"end":{"line":27,"column":52}},"17":{"start":{"line":29,"column":4},"end":{"line":29,"column":59}},"18":{"start":{"line":30,"column":4},"end":{"line":30,"column":72}},"19":{"start":{"line":7,"column":13},"end":{"line":7,"column":23}},"20":{"start":{"line":37,"column":21},"end":{"line":53,"column":1}},"21":{"start":{"line":38,"column":2},"end":{"line":38,"column":64}},"22":{"start":{"line":40,"column":22},"end":{"line":40,"column":88}},"23":{"start":{"line":41,"column":24},"end":{"line":41,"column":54}},"24":{"start":{"line":43,"column":2},"end":{"line":46,"column":3}},"25":{"start":{"line":44,"column":4},"end":{"line":44,"column":71}},"26":{"start":{"line":45,"column":4},"end":{"line":45,"column":74}},"27":{"start":{"line":48,"column":2},"end":{"line":48,"column":85}},"28":{"start":{"line":49,"column":24},"end":{"line":49,"column":83}},"29":{"start":{"line":50,"column":23},"end":{"line":50,"column":88}},"30":{"start":{"line":52,"column":2},"end":{"line":52,"column":72}},"31":{"start":{"line":58,"column":30},"end":{"line":66,"column":2}},"32":{"start":{"line":58,"column":46},"end":{"line":66,"column":2}},"33":{"start":{"line":71,"column":28},"end":{"line":79,"column":2}},"34":{"start":{"line":71,"column":70},"end":{"line":79,"column":2}}},"fnMap":{"0":{"name":"(anonymous_0)","decl":{"start":{"line":7,"column":23},"end":{"line":7,"column":28}},"loc":{"start":{"line":7,"column":58},"end":{"line":32,"column":1}}},"1":{"name":"(anonymous_1)","decl":{"start":{"line":37,"column":21},"end":{"line":37,"column":26}},"loc":{"start":{"line":37,"column":68},"end":{"line":53,"column":1}}},"2":{"name":"(anonymous_2)","decl":{"start":{"line":58,"column":30},"end":{"line":58,"column":31}},"loc":{"start":{"line":58,"column":46},"end":{"line":66,"column":2}}},"3":{"name":"(anonymous_3)","decl":{"start":{"line":71,"column":28},"end":{"line":71,"column":29}},"loc":{"start":{"line":71,"column":70},"end":{"line":79,"column":2}}}},"branchMap":{"0":{"loc":{"start":{"line":8,"column":2},"end":{"line":11,"column":3}},"type":"if","locations":[{"start":{"line":8,"column":2},"end":{"line":11,"column":3}}]},"1":{"loc":{"start":{"line":18,"column":4},"end":{"line":20,"column":5}},"type":"if","locations":[{"start":{"line":18,"column":4},"end":{"line":20,"column":5}}]},"2":{"loc":{"start":{"line":23,"column":4},"end":{"line":25,"column":5}},"type":"if","locations":[{"start":{"line":23,"column":4},"end":{"line":25,"column":5}}]},"3":{"loc":{"start":{"line":43,"column":2},"end":{"line":46,"column":3}},"type":"if","locations":[{"start":{"line":43,"column":2},"end":{"line":46,"column":3}}]},"4":{"loc":{"start":{"line":43,"column":6},"end":{"line":43,"column":65}},"type":"binary-expr","locations":[{"start":{"line":43,"column":6},"end":{"line":43,"column":28}},{"start":{"line":43,"column":32},"end":{"line":43,"column":65}}]}},"s":{"0":1,"1":1,"2":1,"3":1,"4":6,"5":1,"6":1,"7":5,"8":5,"9":5,"10":5,"11":5,"12":1,"13":4,"14":4,"15":1,"16":3,"17":1,"18":1,"19":1,"20":1,"21":3,"22":3,"23":3,"24":2,"25":1,"26":1,"27":1,"28":1,"29":1,"30":1,"31":1,"32":1,"33":1,"34":5},"f":{"0":6,"1":3,"2":1,"3":5},"b":{"0":[1],"1":[1],"2":[1],"3":[1],"4":[2,2]}}
}
