{"/Users/ianhall/Desktop/Music Library/lambda/deleteLambda.ts": {"path":"/Users/ianhall/Desktop/Music Library/lambda/deleteLambda.ts","statementMap":{"0":{"start":{"line":1,"column":0},"end":{"line":1,"column":67}},"1":{"start":{"line":4,"column":15},"end":{"line":4,"column":52}},"2":{"start":{"line":6,"column":23},"end":{"line":38,"column":1}},"3":{"start":{"line":8,"column":21},"end":{"line":8,"column":51}},"4":{"start":{"line":10,"column":2},"end":{"line":13,"column":3}},"5":{"start":{"line":11,"column":4},"end":{"line":11,"column":76}},"6":{"start":{"line":12,"column":4},"end":{"line":12,"column":91}},"7":{"start":{"line":15,"column":2},"end":{"line":15,"column":65}},"8":{"start":{"line":17,"column":2},"end":{"line":37,"column":3}},"9":{"start":{"line":19,"column":21},"end":{"line":19,"column":58}},"10":{"start":{"line":20,"column":4},"end":{"line":23,"column":5}},"11":{"start":{"line":21,"column":6},"end":{"line":21,"column":74}},"12":{"start":{"line":22,"column":6},"end":{"line":22,"column":87}},"13":{"start":{"line":25,"column":4},"end":{"line":25,"column":58}},"14":{"start":{"line":28,"column":4},"end":{"line":28,"column":86}},"15":{"start":{"line":30,"column":4},"end":{"line":30,"column":57}},"16":{"start":{"line":33,"column":4},"end":{"line":33,"column":74}},"17":{"start":{"line":35,"column":4},"end":{"line":35,"column":68}},"18":{"start":{"line":36,"column":4},"end":{"line":36,"column":76}},"19":{"start":{"line":6,"column":13},"end":{"line":6,"column":23}},"20":{"start":{"line":41,"column":30},"end":{"line":49,"column":2}},"21":{"start":{"line":41,"column":52},"end":{"line":49,"column":2}},"22":{"start":{"line":52,"column":28},"end":{"line":60,"column":2}},"23":{"start":{"line":52,"column":93},"end":{"line":60,"column":2}}},"fnMap":{"0":{"name":"(anonymous_0)","decl":{"start":{"line":6,"column":23},"end":{"line":6,"column":28}},"loc":{"start":{"line":6,"column":58},"end":{"line":38,"column":1}}},"1":{"name":"(anonymous_1)","decl":{"start":{"line":41,"column":30},"end":{"line":41,"column":31}},"loc":{"start":{"line":41,"column":52},"end":{"line":49,"column":2}}},"2":{"name":"(anonymous_2)","decl":{"start":{"line":52,"column":28},"end":{"line":52,"column":29}},"loc":{"start":{"line":52,"column":93},"end":{"line":60,"column":2}}}},"branchMap":{"0":{"loc":{"start":{"line":8,"column":21},"end":{"line":8,"column":51}},"type":"binary-expr","locations":[{"start":{"line":8,"column":21},"end":{"line":8,"column":44}},{"start":{"line":8,"column":49},"end":{"line":8,"column":51}}]},"1":{"loc":{"start":{"line":10,"column":2},"end":{"line":13,"column":3}},"type":"if","locations":[{"start":{"line":10,"column":2},"end":{"line":13,"column":3}}]},"2":{"loc":{"start":{"line":20,"column":4},"end":{"line":23,"column":5}},"type":"if","locations":[{"start":{"line":20,"column":4},"end":{"line":23,"column":5}}]},"3":{"loc":{"start":{"line":59,"column":38},"end":{"line":59,"column":77}},"type":"binary-expr","locations":[{"start":{"line":59,"column":38},"end":{"line":59,"column":50}},{"start":{"line":59,"column":54},"end":{"line":59,"column":77}}]}},"s":{"0":1,"1":1,"2":1,"3":4,"4":4,"5":1,"6":1,"7":3,"8":3,"9":3,"10":3,"11":1,"12":1,"13":2,"14":2,"15":1,"16":1,"17":1,"18":1,"19":1,"20":1,"21":1,"22":1,"23":3},"f":{"0":4,"1":1,"2":3},"b":{"0":[4,1],"1":[1],"2":[1],"3":[3,1]}}
,"/Users/ianhall/Desktop/Music Library/lambda/editLambda.ts": {"path":"/Users/ianhall/Desktop/Music Library/lambda/editLambda.ts","statementMap":{"0":{"start":{"line":1,"column":0},"end":{"line":1,"column":108}},"1":{"start":{"line":3,"column":15},"end":{"line":3,"column":52}},"2":{"start":{"line":5,"column":23},"end":{"line":63,"column":1}},"3":{"start":{"line":7,"column":21},"end":{"line":7,"column":51}},"4":{"start":{"line":8,"column":2},"end":{"line":8,"column":57}},"5":{"start":{"line":10,"column":2},"end":{"line":13,"column":3}},"6":{"start":{"line":11,"column":4},"end":{"line":11,"column":76}},"7":{"start":{"line":12,"column":4},"end":{"line":12,"column":91}},"8":{"start":{"line":15,"column":2},"end":{"line":15,"column":63}},"9":{"start":{"line":17,"column":2},"end":{"line":62,"column":3}},"10":{"start":{"line":18,"column":4},"end":{"line":20,"column":5}},"11":{"start":{"line":19,"column":6},"end":{"line":19,"column":63}},"12":{"start":{"line":22,"column":41},"end":{"line":22,"column":63}},"13":{"start":{"line":23,"column":4},"end":{"line":25,"column":5}},"14":{"start":{"line":24,"column":6},"end":{"line":24,"column":60}},"15":{"start":{"line":28,"column":4},"end":{"line":28,"column":94}},"16":{"start":{"line":30,"column":24},"end":{"line":30,"column":93}},"17":{"start":{"line":31,"column":26},"end":{"line":31,"column":56}},"18":{"start":{"line":33,"column":4},"end":{"line":36,"column":5}},"19":{"start":{"line":34,"column":6},"end":{"line":34,"column":77}},"20":{"start":{"line":35,"column":6},"end":{"line":35,"column":76}},"21":{"start":{"line":39,"column":4},"end":{"line":39,"column":99}},"22":{"start":{"line":41,"column":4},"end":{"line":47,"column":6}},"23":{"start":{"line":49,"column":4},"end":{"line":54,"column":6}},"24":{"start":{"line":56,"column":4},"end":{"line":56,"column":73}},"25":{"start":{"line":58,"column":4},"end":{"line":58,"column":77}},"26":{"start":{"line":60,"column":4},"end":{"line":60,"column":68}},"27":{"start":{"line":61,"column":4},"end":{"line":61,"column":76}},"28":{"start":{"line":5,"column":13},"end":{"line":5,"column":23}},"29":{"start":{"line":66,"column":30},"end":{"line":74,"column":2}},"30":{"start":{"line":66,"column":52},"end":{"line":74,"column":2}},"31":{"start":{"line":77,"column":28},"end":{"line":85,"column":2}},"32":{"start":{"line":77,"column":93},"end":{"line":85,"column":2}}},"fnMap":{"0":{"name":"(anonymous_0)","decl":{"start":{"line":5,"column":23},"end":{"line":5,"column":28}},"loc":{"start":{"line":5,"column":58},"end":{"line":63,"column":1}}},"1":{"name":"(anonymous_1)","decl":{"start":{"line":66,"column":30},"end":{"line":66,"column":31}},"loc":{"start":{"line":66,"column":52},"end":{"line":74,"column":2}}},"2":{"name":"(anonymous_2)","decl":{"start":{"line":77,"column":28},"end":{"line":77,"column":29}},"loc":{"start":{"line":77,"column":93},"end":{"line":85,"column":2}}}},"branchMap":{"0":{"loc":{"start":{"line":7,"column":21},"end":{"line":7,"column":51}},"type":"binary-expr","locations":[{"start":{"line":7,"column":21},"end":{"line":7,"column":44}},{"start":{"line":7,"column":49},"end":{"line":7,"column":51}}]},"1":{"loc":{"start":{"line":10,"column":2},"end":{"line":13,"column":3}},"type":"if","locations":[{"start":{"line":10,"column":2},"end":{"line":13,"column":3}}]},"2":{"loc":{"start":{"line":18,"column":4},"end":{"line":20,"column":5}},"type":"if","locations":[{"start":{"line":18,"column":4},"end":{"line":20,"column":5}}]},"3":{"loc":{"start":{"line":23,"column":4},"end":{"line":25,"column":5}},"type":"if","locations":[{"start":{"line":23,"column":4},"end":{"line":25,"column":5}}]},"4":{"loc":{"start":{"line":23,"column":8},"end":{"line":23,"column":36}},"type":"binary-expr","locations":[{"start":{"line":23,"column":8},"end":{"line":23,"column":20}},{"start":{"line":23,"column":24},"end":{"line":23,"column":36}}]},"5":{"loc":{"start":{"line":33,"column":4},"end":{"line":36,"column":5}},"type":"if","locations":[{"start":{"line":33,"column":4},"end":{"line":36,"column":5}}]},"6":{"loc":{"start":{"line":33,"column":8},"end":{"line":33,"column":67}},"type":"binary-expr","locations":[{"start":{"line":33,"column":8},"end":{"line":33,"column":30}},{"start":{"line":33,"column":34},"end":{"line":33,"column":67}}]},"7":{"loc":{"start":{"line":84,"column":38},"end":{"line":84,"column":77}},"type":"binary-expr","locations":[{"start":{"line":84,"column":38},"end":{"line":84,"column":50}},{"start":{"line":84,"column":54},"end":{"line":84,"column":77}}]}},"s":{"0":1,"1":1,"2":1,"3":6,"4":6,"5":6,"6":1,"7":1,"8":5,"9":5,"10":5,"11":1,"12":4,"13":4,"14":1,"15":3,"16":3,"17":3,"18":2,"19":1,"20":1,"21":1,"22":1,"23":1,"24":1,"25":1,"26":1,"27":1,"28":1,"29":1,"30":1,"31":1,"32":5},"f":{"0":6,"1":1,"2":5},"b":{"0":[6,1],"1":[1],"2":[1],"3":[1],"4":[4,3],"5":[1],"6":[2,2],"7":[5,1]}}
,"/Users/ianhall/Desktop/Music Library/lambda/getLambda.ts": {"path":"/Users/ianhall/Desktop/Music Library/lambda/getLambda.ts","statementMap":{"0":{"start":{"line":1,"column":0},"end":{"line":1,"column":61}},"1":{"start":{"line":2,"column":0},"end":{"line":2,"column":86}},"2":{"start":{"line":5,"column":15},"end":{"line":5,"column":52}},"3":{"start":{"line":7,"column":23},"end":{"line":33,"column":1}},"4":{"start":{"line":9,"column":21},"end":{"line":9,"column":51}},"5":{"start":{"line":10,"column":2},"end":{"line":10,"column":57}},"6":{"start":{"line":12,"column":2},"end":{"line":15,"column":3}},"7":{"start":{"line":13,"column":4},"end":{"line":13,"column":73}},"8":{"start":{"line":14,"column":4},"end":{"line":14,"column":91}},"9":{"start":{"line":17,"column":2},"end":{"line":17,"column":62}},"10":{"start":{"line":19,"column":2},"end":{"line":32,"column":3}},"11":{"start":{"line":20,"column":21},"end":{"line":20,"column":58}},"12":{"start":{"line":22,"column":4},"end":{"line":28,"column":5}},"13":{"start":{"line":23,"column":6},"end":{"line":23,"column":66}},"14":{"start":{"line":24,"column":6},"end":{"line":24,"column":65}},"15":{"start":{"line":26,"column":6},"end":{"line":26,"column":47}},"16":{"start":{"line":27,"column":6},"end":{"line":27,"column":41}},"17":{"start":{"line":30,"column":4},"end":{"line":30,"column":76}},"18":{"start":{"line":31,"column":4},"end":{"line":31,"column":80}},"19":{"start":{"line":7,"column":13},"end":{"line":7,"column":23}},"20":{"start":{"line":36,"column":18},"end":{"line":61,"column":1}},"21":{"start":{"line":37,"column":2},"end":{"line":37,"column":73}},"22":{"start":{"line":39,"column":29},"end":{"line":39,"column":77}},"23":{"start":{"line":40,"column":15},"end":{"line":40,"column":52}},"24":{"start":{"line":42,"column":2},"end":{"line":45,"column":3}},"25":{"start":{"line":43,"column":4},"end":{"line":43,"column":49}},"26":{"start":{"line":44,"column":4},"end":{"line":44,"column":37}},"27":{"start":{"line":48,"column":29},"end":{"line":57,"column":null}},"28":{"start":{"line":50,"column":22},"end":{"line":50,"column":81}},"29":{"start":{"line":51,"column":27},"end":{"line":51,"column":86}},"30":{"start":{"line":53,"column":6},"end":{"line":56,"column":8}},"31":{"start":{"line":60,"column":2},"end":{"line":60,"column":51}},"32":{"start":{"line":64,"column":32},"end":{"line":70,"column":1}},"33":{"start":{"line":65,"column":2},"end":{"line":65,"column":96}},"34":{"start":{"line":66,"column":21},"end":{"line":66,"column":80}},"35":{"start":{"line":67,"column":23},"end":{"line":67,"column":85}},"36":{"start":{"line":69,"column":2},"end":{"line":69,"column":72}},"37":{"start":{"line":73,"column":30},"end":{"line":81,"column":2}},"38":{"start":{"line":73,"column":46},"end":{"line":81,"column":2}},"39":{"start":{"line":84,"column":28},"end":{"line":92,"column":2}},"40":{"start":{"line":84,"column":93},"end":{"line":92,"column":2}}},"fnMap":{"0":{"name":"(anonymous_0)","decl":{"start":{"line":7,"column":23},"end":{"line":7,"column":28}},"loc":{"start":{"line":7,"column":58},"end":{"line":33,"column":1}}},"1":{"name":"(anonymous_1)","decl":{"start":{"line":36,"column":18},"end":{"line":36,"column":23}},"loc":{"start":{"line":36,"column":47},"end":{"line":61,"column":1}}},"2":{"name":"(anonymous_2)","decl":{"start":{"line":49,"column":22},"end":{"line":49,"column":27}},"loc":{"start":{"line":49,"column":37},"end":{"line":57,"column":5}}},"3":{"name":"(anonymous_3)","decl":{"start":{"line":64,"column":32},"end":{"line":64,"column":37}},"loc":{"start":{"line":64,"column":79},"end":{"line":70,"column":1}}},"4":{"name":"(anonymous_4)","decl":{"start":{"line":73,"column":30},"end":{"line":73,"column":31}},"loc":{"start":{"line":73,"column":46},"end":{"line":81,"column":2}}},"5":{"name":"(anonymous_5)","decl":{"start":{"line":84,"column":28},"end":{"line":84,"column":29}},"loc":{"start":{"line":84,"column":93},"end":{"line":92,"column":2}}}},"branchMap":{"0":{"loc":{"start":{"line":9,"column":21},"end":{"line":9,"column":51}},"type":"binary-expr","locations":[{"start":{"line":9,"column":21},"end":{"line":9,"column":44}},{"start":{"line":9,"column":49},"end":{"line":9,"column":51}}]},"1":{"loc":{"start":{"line":12,"column":2},"end":{"line":15,"column":3}},"type":"if","locations":[{"start":{"line":12,"column":2},"end":{"line":15,"column":3}}]},"2":{"loc":{"start":{"line":22,"column":4},"end":{"line":28,"column":5}},"type":"if","locations":[{"start":{"line":22,"column":4},"end":{"line":28,"column":5}},{"start":{"line":25,"column":11},"end":{"line":28,"column":5}}]},"3":{"loc":{"start":{"line":42,"column":2},"end":{"line":45,"column":3}},"type":"if","locations":[{"start":{"line":42,"column":2},"end":{"line":45,"column":3}}]},"4":{"loc":{"start":{"line":42,"column":6},"end":{"line":42,"column":50}},"type":"binary-expr","locations":[{"start":{"line":42,"column":6},"end":{"line":42,"column":20}},{"start":{"line":42,"column":24},"end":{"line":42,"column":50}}]},"5":{"loc":{"start":{"line":91,"column":38},"end":{"line":91,"column":77}},"type":"binary-expr","locations":[{"start":{"line":91,"column":38},"end":{"line":91,"column":50}},{"start":{"line":91,"column":54},"end":{"line":91,"column":77}}]}},"s":{"0":1,"1":1,"2":1,"3":1,"4":5,"5":5,"6":5,"7":1,"8":1,"9":4,"10":4,"11":4,"12":4,"13":1,"14":1,"15":3,"16":3,"17":1,"18":1,"19":1,"20":1,"21":3,"22":3,"23":3,"24":2,"25":1,"26":1,"27":1,"28":2,"29":2,"30":2,"31":1,"32":1,"33":1,"34":1,"35":1,"36":1,"37":1,"38":3,"39":1,"40":2},"f":{"0":5,"1":3,"2":2,"3":1,"4":3,"5":2},"b":{"0":[5,1],"1":[1],"2":[1,3],"3":[1],"4":[2,2],"5":[2,1]}}
,"/Users/ianhall/Desktop/Music Library/lambda/uploadLambda.ts": {"path":"/Users/ianhall/Desktop/Music Library/lambda/uploadLambda.ts","statementMap":{"0":{"start":{"line":1,"column":0},"end":{"line":1,"column":61}},"1":{"start":{"line":2,"column":0},"end":{"line":2,"column":86}},"2":{"start":{"line":5,"column":15},"end":{"line":5,"column":52}},"3":{"start":{"line":7,"column":23},"end":{"line":33,"column":1}},"4":{"start":{"line":9,"column":21},"end":{"line":9,"column":50}},"5":{"start":{"line":11,"column":2},"end":{"line":14,"column":3}},"6":{"start":{"line":12,"column":4},"end":{"line":12,"column":76}},"7":{"start":{"line":13,"column":4},"end":{"line":13,"column":66}},"8":{"start":{"line":16,"column":2},"end":{"line":16,"column":65}},"9":{"start":{"line":18,"column":2},"end":{"line":32,"column":3}},"10":{"start":{"line":19,"column":4},"end":{"line":21,"column":5}},"11":{"start":{"line":20,"column":6},"end":{"line":20,"column":63}},"12":{"start":{"line":23,"column":25},"end":{"line":23,"column":47}},"13":{"start":{"line":24,"column":4},"end":{"line":26,"column":5}},"14":{"start":{"line":25,"column":6},"end":{"line":25,"column":63}},"15":{"start":{"line":28,"column":4},"end":{"line":28,"column":52}},"16":{"start":{"line":30,"column":4},"end":{"line":30,"column":59}},"17":{"start":{"line":31,"column":4},"end":{"line":31,"column":72}},"18":{"start":{"line":7,"column":13},"end":{"line":7,"column":23}},"19":{"start":{"line":36,"column":21},"end":{"line":52,"column":1}},"20":{"start":{"line":37,"column":2},"end":{"line":37,"column":89}},"21":{"start":{"line":39,"column":22},"end":{"line":39,"column":88}},"22":{"start":{"line":40,"column":24},"end":{"line":40,"column":54}},"23":{"start":{"line":42,"column":2},"end":{"line":45,"column":3}},"24":{"start":{"line":43,"column":4},"end":{"line":43,"column":71}},"25":{"start":{"line":44,"column":4},"end":{"line":44,"column":74}},"26":{"start":{"line":47,"column":2},"end":{"line":47,"column":85}},"27":{"start":{"line":48,"column":24},"end":{"line":48,"column":83}},"28":{"start":{"line":49,"column":23},"end":{"line":49,"column":88}},"29":{"start":{"line":51,"column":2},"end":{"line":51,"column":72}},"30":{"start":{"line":55,"column":30},"end":{"line":63,"column":2}},"31":{"start":{"line":55,"column":46},"end":{"line":63,"column":2}},"32":{"start":{"line":66,"column":28},"end":{"line":74,"column":2}},"33":{"start":{"line":66,"column":70},"end":{"line":74,"column":2}}},"fnMap":{"0":{"name":"(anonymous_0)","decl":{"start":{"line":7,"column":23},"end":{"line":7,"column":28}},"loc":{"start":{"line":7,"column":58},"end":{"line":33,"column":1}}},"1":{"name":"(anonymous_1)","decl":{"start":{"line":36,"column":21},"end":{"line":36,"column":26}},"loc":{"start":{"line":36,"column":68},"end":{"line":52,"column":1}}},"2":{"name":"(anonymous_2)","decl":{"start":{"line":55,"column":30},"end":{"line":55,"column":31}},"loc":{"start":{"line":55,"column":46},"end":{"line":63,"column":2}}},"3":{"name":"(anonymous_3)","decl":{"start":{"line":66,"column":28},"end":{"line":66,"column":29}},"loc":{"start":{"line":66,"column":70},"end":{"line":74,"column":2}}}},"branchMap":{"0":{"loc":{"start":{"line":9,"column":21},"end":{"line":9,"column":50}},"type":"binary-expr","locations":[{"start":{"line":9,"column":21},"end":{"line":9,"column":44}},{"start":{"line":9,"column":48},"end":{"line":9,"column":50}}]},"1":{"loc":{"start":{"line":11,"column":2},"end":{"line":14,"column":3}},"type":"if","locations":[{"start":{"line":11,"column":2},"end":{"line":14,"column":3}}]},"2":{"loc":{"start":{"line":19,"column":4},"end":{"line":21,"column":5}},"type":"if","locations":[{"start":{"line":19,"column":4},"end":{"line":21,"column":5}}]},"3":{"loc":{"start":{"line":24,"column":4},"end":{"line":26,"column":5}},"type":"if","locations":[{"start":{"line":24,"column":4},"end":{"line":26,"column":5}}]},"4":{"loc":{"start":{"line":42,"column":2},"end":{"line":45,"column":3}},"type":"if","locations":[{"start":{"line":42,"column":2},"end":{"line":45,"column":3}}]},"5":{"loc":{"start":{"line":42,"column":6},"end":{"line":42,"column":65}},"type":"binary-expr","locations":[{"start":{"line":42,"column":6},"end":{"line":42,"column":28}},{"start":{"line":42,"column":32},"end":{"line":42,"column":65}}]}},"s":{"0":1,"1":1,"2":1,"3":1,"4":6,"5":6,"6":1,"7":1,"8":5,"9":5,"10":5,"11":1,"12":4,"13":4,"14":1,"15":3,"16":1,"17":1,"18":1,"19":1,"20":3,"21":3,"22":3,"23":2,"24":1,"25":1,"26":1,"27":1,"28":1,"29":1,"30":1,"31":1,"32":1,"33":5},"f":{"0":6,"1":3,"2":1,"3":5},"b":{"0":[6,1],"1":[1],"2":[1],"3":[1],"4":[1],"5":[2,2]}}
}
