TN:
SF:lambda/deleteLambda.ts
FN:6,(anonymous_0)
FNF:1
FNH:1
FNDA:4,(anonymous_0)
DA:1,1
DA:4,1
DA:6,1
DA:8,4
DA:9,4
DA:10,1
DA:11,1
DA:22,3
DA:24,3
DA:26,3
DA:27,3
DA:28,1
DA:29,1
DA:40,2
DA:43,2
DA:47,1
DA:50,1
DA:62,1
DA:65,1
LF:19
LH:19
BRDA:9,0,0,1
BRDA:27,1,0,1
BRF:2
BRH:2
end_of_record
TN:
SF:lambda/editLambda.ts
FN:5,(anonymous_0)
FNF:1
FNH:1
FNDA:6,(anonymous_0)
DA:1,1
DA:3,1
DA:5,1
DA:6,6
DA:7,1
DA:10,5
DA:11,5
DA:13,5
DA:14,5
DA:15,1
DA:18,4
DA:19,4
DA:20,1
DA:24,3
DA:29,3
DA:30,2
DA:31,1
DA:38,1
DA:44,1
DA:49,1
DA:55,1
DA:56,1
LF:22
LH:22
BRDA:6,0,0,1
BRDA:14,1,0,1
BRDA:19,2,0,1
BRDA:19,3,0,4
BRDA:19,3,1,3
BRDA:30,4,0,1
BRDA:30,5,0,2
BRDA:30,5,1,2
BRF:8
BRH:8
end_of_record
TN:
SF:lambda/getLambda.ts
FN:6,(anonymous_0)
FN:32,(anonymous_1)
FN:45,(anonymous_2)
FN:61,(anonymous_3)
FN:70,(anonymous_4)
FN:82,(anonymous_5)
FNF:6
FNH:6
FNDA:5,(anonymous_0)
FNDA:3,(anonymous_1)
FNDA:2,(anonymous_2)
FNDA:1,(anonymous_3)
FNDA:3,(anonymous_4)
FNDA:2,(anonymous_5)
DA:1,1
DA:2,1
DA:4,1
DA:6,1
DA:7,5
DA:8,1
DA:9,1
DA:12,4
DA:13,4
DA:15,4
DA:16,4
DA:18,4
DA:19,1
DA:20,1
DA:22,3
DA:23,3
DA:26,1
DA:27,1
DA:32,1
DA:33,3
DA:35,3
DA:36,3
DA:38,2
DA:39,1
DA:40,1
DA:44,1
DA:46,2
DA:47,2
DA:49,2
DA:56,1
DA:61,1
DA:62,1
DA:63,1
DA:64,1
DA:66,1
DA:70,3
DA:82,2
LF:37
LH:37
BRDA:7,0,0,1
BRDA:18,1,0,1
BRDA:18,1,1,3
BRDA:38,2,0,1
BRDA:38,3,0,2
BRDA:38,3,1,2
BRF:6
BRH:6
end_of_record
TN:
SF:lambda/uploadLambda.ts
FN:7,(anonymous_0)
FN:35,(anonymous_1)
FN:55,(anonymous_2)
FN:67,(anonymous_3)
FNF:4
FNH:4
FNDA:6,(anonymous_0)
FNDA:3,(anonymous_1)
FNDA:1,(anonymous_2)
FNDA:5,(anonymous_3)
DA:1,1
DA:2,1
DA:5,1
DA:7,1
DA:8,6
DA:9,1
DA:10,1
DA:13,5
DA:14,5
DA:16,5
DA:17,5
DA:18,1
DA:21,4
DA:22,4
DA:23,1
DA:26,3
DA:28,1
DA:29,1
DA:35,1
DA:36,3
DA:38,3
DA:39,3
DA:41,2
DA:42,1
DA:43,1
DA:46,1
DA:47,1
DA:48,1
DA:50,1
DA:55,1
DA:67,5
LF:31
LH:31
BRDA:8,0,0,1
BRDA:17,1,0,1
BRDA:22,2,0,1
BRDA:41,3,0,1
BRDA:41,4,0,2
BRDA:41,4,1,2
BRF:6
BRH:6
end_of_record
