TN:
SF:lambda/deleteLambda.ts
FN:6,(anonymous_0)
FNF:1
FNH:1
FNDA:4,(anonymous_0)
DA:1,1
DA:4,1
DA:6,1
DA:8,4
DA:9,4
DA:10,1
DA:11,1
DA:22,3
DA:23,3
DA:25,3
DA:27,3
DA:28,3
DA:29,1
DA:30,1
DA:41,2
DA:44,2
DA:48,1
DA:51,1
DA:63,1
DA:66,1
LF:20
LH:20
BRDA:9,0,0,1
BRDA:28,1,0,1
BRF:2
BRH:2
end_of_record
TN:
SF:lambda/editLambda.ts
FN:5,(anonymous_0)
FNF:1
FNH:1
FNDA:6,(anonymous_0)
DA:1,1
DA:3,1
DA:5,1
DA:6,6
DA:7,1
DA:10,5
DA:11,5
DA:12,5
DA:14,5
DA:15,5
DA:16,1
DA:19,4
DA:20,4
DA:21,1
DA:25,3
DA:30,3
DA:31,2
DA:32,1
DA:39,1
DA:45,1
DA:50,1
DA:56,1
DA:57,1
LF:23
LH:23
BRDA:6,0,0,1
BRDA:15,1,0,1
BRDA:20,2,0,1
BRDA:20,3,0,4
BRDA:20,3,1,3
BRDA:31,4,0,1
BRDA:31,5,0,2
BRDA:31,5,1,2
BRF:8
BRH:8
end_of_record
TN:
SF:lambda/uploadLambda.ts
FN:7,(anonymous_0)
FN:48,(anonymous_1)
FN:61,(anonymous_2)
FN:78,(anonymous_3)
FN:99,(anonymous_4)
FN:110,(anonymous_5)
FN:123,(anonymous_6)
FNF:7
FNH:7
FNDA:8,(anonymous_0)
FNDA:2,(anonymous_1)
FNDA:2,(anonymous_2)
FNDA:2,(anonymous_3)
FNDA:1,(anonymous_4)
FNDA:4,(anonymous_5)
FNDA:4,(anonymous_6)
DA:1,1
DA:2,1
DA:5,1
DA:7,1
DA:8,8
DA:9,1
DA:10,1
DA:13,7
DA:14,7
DA:15,7
DA:17,7
DA:18,7
DA:19,1
DA:20,1
DA:23,6
DA:25,6
DA:27,2
DA:30,2
DA:33,1
DA:36,1
DA:37,1
DA:40,0
DA:41,0
DA:48,1
DA:49,2
DA:51,2
DA:52,2
DA:54,2
DA:55,1
DA:56,1
DA:60,1
DA:62,2
DA:63,2
DA:65,2
DA:72,1
DA:78,1
DA:79,2
DA:81,2
DA:82,2
DA:84,2
DA:85,1
DA:86,1
DA:89,1
DA:90,1
DA:91,1
DA:93,1
DA:99,1
DA:100,1
DA:101,1
DA:102,1
DA:104,1
DA:110,4
DA:123,4
LF:53
LH:51
BRDA:8,0,0,1
BRDA:18,1,0,1
BRDA:25,2,0,2
BRDA:25,2,1,2
BRDA:25,2,2,1
BRDA:25,2,3,1
BRDA:54,3,0,1
BRDA:54,4,0,2
BRDA:54,4,1,2
BRDA:84,5,0,1
BRDA:84,6,0,2
BRDA:84,6,1,2
BRF:12
BRH:12
end_of_record
